[  0%] Built target std_msgs_generate_messages_cpp
[  0%] Built target std_msgs_generate_messages_eus
[  0%] Built target std_msgs_generate_messages_lisp
[  0%] Built target std_msgs_generate_messages_nodejs
[  0%] Built target std_msgs_generate_messages_py
[  4%] Built target time_api_sleep
[  4%] Built target _roscpp_tutorials_generate_messages_check_deps_TwoInts
[ 10%] Built target roscpp_tutorials_generate_messages_eus
[ 10%] Built target roscpp_tutorials_generate_messages_cpp
[ 12%] Built target roscpp_tutorials_generate_messages_lisp
[ 16%] Built target roscpp_tutorials_generate_messages_py
[ 18%] Built target roscpp_tutorials_generate_messages_nodejs
[ 18%] Built target roscpp_tutorials_gencpp
[ 18%] Built target roscpp_tutorials_generate_messages
[ 26%] Built target custom_callback_processing
[ 26%] Built target talker
[ 30%] Built target timers
[ 34%] Built target listener
[ 38%] Built target add_two_ints_server
[ 42%] Built target listener_async_spin
[ 46%] Built target listener_multiple
[ 55%] Built target listener_with_userdata
[ 55%] Built target add_two_ints_server_class
[ 63%] Built target notify_connect
[ 63%] Built target node_handle_namespaces
[ 67%] Built target babbler
[ 71%] Built target listener_class
[ 75%] Built target add_two_ints_client
[ 83%] Built target cached_parameters
[ 83%] Built target anonymous_listener
[ 87%] Built target listener_with_tracked_object
[ 91%] Built target listener_unreliable
[ 95%] Built target listener_threaded_spin
[100%] Built target parameters
