[  0%] Built target std_msgs_generate_messages_lisp
[  0%] Built target std_msgs_generate_messages_eus
[  0%] Built target std_msgs_generate_messages_nodejs
[  4%] Built target time_api_sleep
[  4%] Built target std_msgs_generate_messages_py
[  4%] Built target std_msgs_generate_messages_cpp
[  4%] Built target _roscpp_tutorials_generate_messages_check_deps_TwoInts
[  8%] Built target roscpp_tutorials_generate_messages_eus
[ 12%] Built target roscpp_tutorials_generate_messages_cpp
[ 14%] Built target roscpp_tutorials_generate_messages_py
[ 16%] Built target roscpp_tutorials_generate_messages_lisp
[ 18%] Built target roscpp_tutorials_generate_messages_nodejs
[ 18%] Built target roscpp_tutorials_gencpp
[ 18%] Built target roscpp_tutorials_generate_messages
[ 22%] Built target add_two_ints_server_class
[ 26%] Built target listener_async_spin
[ 30%] Built target talker
[ 34%] Built target listener_multiple
[ 38%] Built target timers
[ 42%] Built target listener_with_userdata
[ 46%] Built target custom_callback_processing
[ 51%] Built target node_handle_namespaces
[ 55%] Built target add_two_ints_server
[ 59%] Built target babbler
[ 63%] Built target notify_connect
[ 67%] Built target add_two_ints_client
[ 75%] Built target listener_class
[ 75%] Built target listener
[ 79%] Built target anonymous_listener
[ 83%] Built target cached_parameters
[ 87%] Built target listener_threaded_spin
[ 91%] Built target listener_with_tracked_object
[ 95%] Built target parameters
[100%] Built target listener_unreliable
