[  0%] Built target std_msgs_generate_messages_py
[  0%] Built target std_msgs_generate_messages_cpp
[  0%] Built target std_msgs_generate_messages_lisp
[  4%] Built target time_api_sleep
[  4%] Built target std_msgs_generate_messages_nodejs
[  4%] Built target std_msgs_generate_messages_eus
[  4%] Built target _roscpp_tutorials_generate_messages_check_deps_TwoInts
[ 16%] Built target roscpp_tutorials_generate_messages_lisp
[ 16%] Built target roscpp_tutorials_generate_messages_cpp
[ 16%] Built target roscpp_tutorials_generate_messages_nodejs
[ 18%] Built target roscpp_tutorials_generate_messages_eus
[ 18%] Built target roscpp_tutorials_generate_messages_py
[ 18%] Built target roscpp_tutorials_gencpp
[ 18%] Built target roscpp_tutorials_generate_messages
[ 30%] Built target talker
[ 30%] Built target add_two_ints_server_class
[ 34%] Built target timers
[ 38%] Built target listener_with_userdata
[ 42%] Built target custom_callback_processing
[ 46%] Built target node_handle_namespaces
[ 30%] Built target listener_async_spin
[ 51%] Built target listener_multiple
[ 55%] Built target listener
[ 59%] Built target anonymous_listener
[ 67%] Built target notify_connect
[ 67%] Built target add_two_ints_server
[ 71%] Built target add_two_ints_client
[ 75%] Built target babbler
[ 79%] Built target listener_class
[ 83%] Built target cached_parameters
[ 87%] Built target listener_threaded_spin
[ 91%] Built target parameters
[ 95%] Built target listener_unreliable
[100%] Built target listener_with_tracked_object
