[  0%] Built target geometry_msgs_generate_messages_cpp
[  0%] Built target std_msgs_generate_messages_cpp
[  0%] Built target std_srvs_generate_messages_cpp
[  0%] Built target _turtlesim_generate_messages_check_deps_TeleportRelative
[  0%] Built target _turtlesim_generate_messages_check_deps_SetPen
[  0%] Built target _turtlesim_generate_messages_check_deps_Color
[  0%] Built target std_srvs_generate_messages_py
[  0%] Built target _turtlesim_generate_messages_check_deps_TeleportAbsolute
[  0%] Built target _turtlesim_generate_messages_check_deps_Kill
[  0%] Built target _turtlesim_generate_messages_check_deps_Spawn
[  0%] Built target geometry_msgs_generate_messages_py
[  0%] Built target std_msgs_generate_messages_py
[  0%] Built target _turtlesim_generate_messages_check_deps_Pose
[  0%] Built target std_srvs_generate_messages_nodejs
[  0%] Built target std_msgs_generate_messages_nodejs
[  0%] Built target geometry_msgs_generate_messages_nodejs
[  0%] Built target geometry_msgs_generate_messages_lisp
[  0%] Built target geometry_msgs_generate_messages_eus
[  0%] Built target std_srvs_generate_messages_eus
[  0%] Built target std_srvs_generate_messages_lisp
[  0%] Built target std_msgs_generate_messages_lisp
[  0%] Built target std_msgs_generate_messages_eus
[ 18%] Built target turtlesim_generate_messages_py
[ 32%] Built target turtlesim_generate_messages_cpp
[ 48%] Built target turtlesim_generate_messages_eus
[ 62%] Built target turtlesim_generate_messages_lisp
[ 76%] Built target turtlesim_generate_messages_nodejs
[ 76%] Built target turtlesim_gencpp
[ 76%] Built target turtlesim_generate_messages
[ 88%] Built target draw_square
[ 88%] Built target mimic
[ 88%] Built target turtle_teleop_key
[100%] Built target turtlesim_node
